[0324/005323.804:ERROR:process_memory_win.cc(73)] ReadMemory at 0x15ffd764030 of 72 bytes failed: Запрос ReadProcessMemory или WriteProcessMemory был выполнен только частично. (0x12B)
[0324/005323.805:WARNING:pe_image_annotations_reader.cc(134)] could not read annotations list object in C:\Program Files (x86)\Google\Chrome\Application\80.0.3987.149\chrome_elf.dll
[0324/005323.805:ERROR:process_memory_win.cc(73)] ReadMemory at 0x15ffd4f0000 of 64 bytes failed: Запрос ReadProcessMemory или WriteProcessMemory был выполнен только частично. (0x12B)
[0324/005323.805:WARNING:pe_image_reader.cc(340)] could not read dos header from C:\Windows\System32\msvcrt.dll
[0324/005323.805:ERROR:process_memory_win.cc(73)] ReadMemory at 0x15f80165ba0 of 72 bytes failed: Запрос ReadProcessMemory или WriteProcessMemory был выполнен только частично. (0x12B)
[0324/005323.806:WARNING:pe_image_annotations_reader.cc(134)] could not read annotations list object in C:\Program Files (x86)\Google\Chrome\Application\80.0.3987.149\chrome.dll
[0324/005323.807:ERROR:process_memory_win.cc(73)] ReadMemory at 0x7ff76bad0000 of 64 bytes failed: Запрос ReadProcessMemory или WriteProcessMemory был выполнен только частично. (0x12B)
[0324/005323.807:WARNING:pe_image_reader.cc(340)] could not read dos header from C:\Program Files (x86)\Google\Chrome\Application\chrome.exe
[0324/005323.807:ERROR:process_memory_win.cc(73)] ReadMemory at 0x15ffd764030 of 72 bytes failed: Запрос ReadProcessMemory или WriteProcessMemory был выполнен только частично. (0x12B)
[0324/005323.807:WARNING:pe_image_annotations_reader.cc(134)] could not read annotations list object in C:\Program Files (x86)\Google\Chrome\Application\80.0.3987.149\chrome_elf.dll
[0324/005323.807:ERROR:process_memory_win.cc(73)] ReadMemory at 0x15ffd4f0000 of 64 bytes failed: Запрос ReadProcessMemory или WriteProcessMemory был выполнен только частично. (0x12B)
[0324/005323.807:WARNING:pe_image_reader.cc(340)] could not read dos header from C:\Windows\System32\msvcrt.dll
[0324/005323.808:ERROR:process_memory_win.cc(73)] ReadMemory at 0x7ffea4680000 of 64 bytes failed: Запрос ReadProcessMemory или WriteProcessMemory был выполнен только частично. (0x12B)
[0324/005323.808:WARNING:pe_image_reader.cc(340)] could not read dos header from C:\Program Files (x86)\Google\Chrome\Application\80.0.3987.149\chrome.dll
[0324/005323.817:ERROR:process_memory_win.cc(73)] ReadMemory at 0x39fcdec000 of 81920 bytes failed: Запрос ReadProcessMemory или WriteProcessMemory был выполнен только частично. (0x12B)
[0324/005323.817:ERROR:process_memory_win.cc(73)] ReadMemory at 0x39fd5fd000 of 12288 bytes failed: Запрос ReadProcessMemory или WriteProcessMemory был выполнен только частично. (0x12B)
[0324/005323.817:ERROR:process_memory_win.cc(73)] ReadMemory at 0x39fddfa000 of 24576 bytes failed: Запрос ReadProcessMemory или WriteProcessMemory был выполнен только частично. (0x12B)
[0324/005323.817:ERROR:process_memory_win.cc(73)] ReadMemory at 0x39fe5fc000 of 16384 bytes failed: Запрос ReadProcessMemory или WriteProcessMemory был выполнен только частично. (0x12B)
[0324/005323.817:ERROR:process_memory_win.cc(73)] ReadMemory at 0x39fedfb000 of 20480 bytes failed: Запрос ReadProcessMemory или WriteProcessMemory был выполнен только частично. (0x12B)
[0324/005323.817:ERROR:process_memory_win.cc(73)] ReadMemory at 0x39ff5fe000 of 8192 bytes failed: Запрос ReadProcessMemory или WriteProcessMemory был выполнен только частично. (0x12B)
[0324/005323.818:ERROR:process_memory_win.cc(73)] ReadMemory at 0x39ffdfd000 of 12288 bytes failed: Запрос ReadProcessMemory или WriteProcessMemory был выполнен только частично. (0x12B)
[0324/005323.818:ERROR:process_memory_win.cc(73)] ReadMemory at 0x39807fb000 of 20480 bytes failed: Запрос ReadProcessMemory или WriteProcessMemory был выполнен только частично. (0x12B)
[0324/005323.818:ERROR:process_memory_win.cc(73)] ReadMemory at 0x3980ffd000 of 12288 bytes failed: Запрос ReadProcessMemory или WriteProcessMemory был выполнен только частично. (0x12B)
[0324/005323.818:ERROR:process_memory_win.cc(73)] ReadMemory at 0x39817fd000 of 12288 bytes failed: Запрос ReadProcessMemory или WriteProcessMemory был выполнен только частично. (0x12B)
[0324/005323.818:ERROR:process_memory_win.cc(73)] ReadMemory at 0x3981ff5000 of 45056 bytes failed: Запрос ReadProcessMemory или WriteProcessMemory был выполнен только частично. (0x12B)
[0324/005323.818:ERROR:process_memory_win.cc(73)] ReadMemory at 0x39827fd000 of 12288 bytes failed: Запрос ReadProcessMemory или WriteProcessMemory был выполнен только частично. (0x12B)
[0324/005323.819:ERROR:process_memory_win.cc(73)] ReadMemory at 0x3982ffd000 of 12288 bytes failed: Запрос ReadProcessMemory или WriteProcessMemory был выполнен только частично. (0x12B)
[0324/005323.819:ERROR:process_memory_win.cc(73)] ReadMemory at 0x39837fa000 of 24576 bytes failed: Запрос ReadProcessMemory или WriteProcessMemory был выполнен только частично. (0x12B)
[0324/005323.819:ERROR:process_memory_win.cc(73)] ReadMemory at 0x3983ffa000 of 24576 bytes failed: Запрос ReadProcessMemory или WriteProcessMemory был выполнен только частично. (0x12B)
[0324/005323.819:ERROR:process_memory_win.cc(73)] ReadMemory at 0x39847fb000 of 20480 bytes failed: Запрос ReadProcessMemory или WriteProcessMemory был выполнен только частично. (0x12B)
[0324/005323.819:ERROR:process_memory_win.cc(73)] ReadMemory at 0x39fc4ba000 of 852 bytes failed: Запрос ReadProcessMemory или WriteProcessMemory был выполнен только частично. (0x12B)
[0324/005323.819:ERROR:process_memory_win.cc(73)] ReadMemory at 0x39fc4bb000 of 6024 bytes failed: Запрос ReadProcessMemory или WriteProcessMemory был выполнен только частично. (0x12B)
[0324/005323.819:ERROR:process_memory_win.cc(73)] ReadMemory at 0x39fc4bd000 of 6024 bytes failed: Запрос ReadProcessMemory или WriteProcessMemory был выполнен только частично. (0x12B)
[0324/005323.819:ERROR:process_memory_win.cc(73)] ReadMemory at 0x39fc4bf000 of 6024 bytes failed: Запрос ReadProcessMemory или WriteProcessMemory был выполнен только частично. (0x12B)
[0324/005323.819:ERROR:process_memory_win.cc(73)] ReadMemory at 0x39fc4c1000 of 6024 bytes failed: Запрос ReadProcessMemory или WriteProcessMemory был выполнен только частично. (0x12B)
[0324/005323.820:ERROR:process_memory_win.cc(73)] ReadMemory at 0x39fc4c3000 of 6024 bytes failed: Запрос ReadProcessMemory или WriteProcessMemory был выполнен только частично. (0x12B)
[0324/005323.820:ERROR:process_memory_win.cc(73)] ReadMemory at 0x39fc4c5000 of 6024 bytes failed: Запрос ReadProcessMemory или WriteProcessMemory был выполнен только частично. (0x12B)
[0324/005323.820:ERROR:process_memory_win.cc(73)] ReadMemory at 0x39fc4c7000 of 6024 bytes failed: Запрос ReadProcessMemory или WriteProcessMemory был выполнен только частично. (0x12B)
[0324/005323.820:ERROR:process_memory_win.cc(73)] ReadMemory at 0x39fc4c9000 of 6024 bytes failed: Запрос ReadProcessMemory или WriteProcessMemory был выполнен только частично. (0x12B)
[0324/005323.820:ERROR:process_memory_win.cc(73)] ReadMemory at 0x39fc4cb000 of 6024 bytes failed: Запрос ReadProcessMemory или WriteProcessMemory был выполнен только частично. (0x12B)
[0324/005323.820:ERROR:process_memory_win.cc(73)] ReadMemory at 0x39fc4cd000 of 6024 bytes failed: Запрос ReadProcessMemory или WriteProcessMemory был выполнен только частично. (0x12B)
[0324/005323.820:ERROR:process_memory_win.cc(73)] ReadMemory at 0x39fc4cf000 of 6024 bytes failed: Запрос ReadProcessMemory или WriteProcessMemory был выполнен только частично. (0x12B)
[0324/005323.820:ERROR:process_memory_win.cc(73)] ReadMemory at 0x39fc4d1000 of 6024 bytes failed: Запрос ReadProcessMemory или WriteProcessMemory был выполнен только частично. (0x12B)
[0324/005323.820:ERROR:process_memory_win.cc(73)] ReadMemory at 0x39fc4d3000 of 6024 bytes failed: Запрос ReadProcessMemory или WriteProcessMemory был выполнен только частично. (0x12B)
[0324/005323.820:ERROR:process_memory_win.cc(73)] ReadMemory at 0x39fc4d5000 of 6024 bytes failed: Запрос ReadProcessMemory или WriteProcessMemory был выполнен только частично. (0x12B)
[0324/005323.820:ERROR:process_memory_win.cc(73)] ReadMemory at 0x39fc4d7000 of 6024 bytes failed: Запрос ReadProcessMemory или WriteProcessMemory был выполнен только частично. (0x12B)
[0324/005323.821:ERROR:process_memory_win.cc(73)] ReadMemory at 0x39fc4d9000 of 6024 bytes failed: Запрос ReadProcessMemory или WriteProcessMemory был выполнен только частично. (0x12B)
[0324/005323.821:ERROR:process_memory_win.cc(73)] ReadMemory at 0x15f80040160 of 512 bytes failed: Запрос ReadProcessMemory или WriteProcessMemory был выполнен только частично. (0x12B)
[0324/005323.821:ERROR:process_memory_win.cc(73)] ReadMemory at 0x15f80040d00 of 512 bytes failed: Запрос ReadProcessMemory или WriteProcessMemory был выполнен только частично. (0x12B)
[0324/005323.821:ERROR:process_memory_win.cc(73)] ReadMemory at 0x15f80042140 of 512 bytes failed: Запрос ReadProcessMemory или WriteProcessMemory был выполнен только частично. (0x12B)
[0324/005323.821:ERROR:process_memory_win.cc(73)] ReadMemory at 0x15f801721f0 of 656 bytes failed: Запрос ReadProcessMemory или WriteProcessMemory был выполнен только частично. (0x12B)
[0324/005323.821:ERROR:process_memory_win.cc(73)] ReadMemory at 0x15f80172980 of 512 bytes failed: Запрос ReadProcessMemory или WriteProcessMemory был выполнен только частично. (0x12B)
[0324/005323.821:ERROR:process_memory_win.cc(73)] ReadMemory at 0x15f8017a950 of 512 bytes failed: Запрос ReadProcessMemory или WriteProcessMemory был выполнен только частично. (0x12B)
[0324/005323.821:ERROR:process_memory_win.cc(73)] ReadMemory at 0x15f8017b490 of 512 bytes failed: Запрос ReadProcessMemory или WriteProcessMemory был выполнен только частично. (0x12B)
[0324/005323.821:ERROR:process_memory_win.cc(73)] ReadMemory at 0x15f80196ab0 of 512 bytes failed: Запрос ReadProcessMemory или WriteProcessMemory был выполнен только частично. (0x12B)
[0324/005323.822:ERROR:process_memory_win.cc(73)] ReadMemory at 0x15f8019a5a0 of 512 bytes failed: Запрос ReadProcessMemory или WriteProcessMemory был выполнен только частично. (0x12B)
[0324/005323.822:ERROR:process_memory_win.cc(73)] ReadMemory at 0x15f801a2710 of 712 bytes failed: Запрос ReadProcessMemory или WriteProcessMemory был выполнен только частично. (0x12B)
[0324/005323.822:ERROR:process_memory_win.cc(73)] ReadMemory at 0x15f801ae500 of 512 bytes failed: Запрос ReadProcessMemory или WriteProcessMemory был выполнен только частично. (0x12B)
[0324/005323.822:ERROR:process_memory_win.cc(73)] ReadMemory at 0x15f8020f678 of 512 bytes failed: Запрос ReadProcessMemory или WriteProcessMemory был выполнен только частично. (0x12B)
[0324/005323.822:ERROR:process_memory_win.cc(73)] ReadMemory at 0x15f8024e168 of 512 bytes failed: Запрос ReadProcessMemory или WriteProcessMemory был выполнен только частично. (0x12B)
[0324/005323.822:ERROR:process_memory_win.cc(73)] ReadMemory at 0x15f8025ba40 of 512 bytes failed: Запрос ReadProcessMemory или WriteProcessMemory был выполнен только частично. (0x12B)
[0324/005323.822:ERROR:process_memory_win.cc(73)] ReadMemory at 0x15f821b0000 of 384 bytes failed: Запрос ReadProcessMemory или WriteProcessMemory был выполнен только частично. (0x12B)
[0324/005323.822:ERROR:process_memory_win.cc(73)] ReadMemory at 0x15f821cc350 of 512 bytes failed: Запрос ReadProcessMemory или WriteProcessMemory был выполнен только частично. (0x12B)
[0324/005323.822:ERROR:process_memory_win.cc(73)] ReadMemory at 0x15f8228ca70 of 512 bytes failed: Запрос ReadProcessMemory или WriteProcessMemory был выполнен только частично. (0x12B)
[0324/005323.822:ERROR:process_memory_win.cc(73)] ReadMemory at 0x15f822aa2a0 of 512 bytes failed: Запрос ReadProcessMemory или WriteProcessMemory был выполнен только частично. (0x12B)
[0324/005323.822:ERROR:process_memory_win.cc(73)] ReadMemory at 0x15f822d6800 of 512 bytes failed: Запрос ReadProcessMemory или WriteProcessMemory был выполнен только частично. (0x12B)
[0324/005323.822:ERROR:process_memory_win.cc(73)] ReadMemory at 0x15f823008d0 of 512 bytes failed: Запрос ReadProcessMemory или WriteProcessMemory был выполнен только частично. (0x12B)
[0324/005323.822:ERROR:process_memory_win.cc(73)] ReadMemory at 0x15f8231c690 of 512 bytes failed: Запрос ReadProcessMemory или WriteProcessMemory был выполнен только частично. (0x12B)
[0324/005323.822:ERROR:process_memory_win.cc(73)] ReadMemory at 0x15f82b21451 of 512 bytes failed: Запрос ReadProcessMemory или WriteProcessMemory был выполнен только частично. (0x12B)
[0324/005323.822:ERROR:process_memory_win.cc(73)] ReadMemory at 0x15f82d0a6f0 of 512 bytes failed: Запрос ReadProcessMemory или WriteProcessMemory был выполнен только частично. (0x12B)
[0324/005323.822:ERROR:process_memory_win.cc(73)] ReadMemory at 0x15f82d0abc0 of 512 bytes failed: Запрос ReadProcessMemory или WriteProcessMemory был выполнен только частично. (0x12B)
[0324/005323.822:ERROR:process_memory_win.cc(73)] ReadMemory at 0x15f8303e56f of 512 bytes failed: Запрос ReadProcessMemory или WriteProcessMemory был выполнен только частично. (0x12B)
[0324/005323.823:ERROR:process_memory_win.cc(73)] ReadMemory at 0x15f83225e30 of 512 bytes failed: Запрос ReadProcessMemory или WriteProcessMemory был выполнен только частично. (0x12B)
[0324/005323.823:ERROR:process_memory_win.cc(73)] ReadMemory at 0x15ffd2a0fe0 of 5962 bytes failed: Запрос ReadProcessMemory или WriteProcessMemory был выполнен только частично. (0x12B)
[0324/005323.823:ERROR:process_memory_win.cc(73)] ReadMemory at 0x15ffd2a2740 of 1012 bytes failed: Запрос ReadProcessMemory или WriteProcessMemory был выполнен только частично. (0x12B)
[0324/005323.823:ERROR:process_memory_win.cc(73)] ReadMemory at 0x15ffd2a2d68 of 118 bytes failed: Запрос ReadProcessMemory или WriteProcessMemory был выполнен только частично. (0x12B)
[0324/005323.823:ERROR:process_memory_win.cc(73)] ReadMemory at 0x15ffd2a2de0 of 1302 bytes failed: Запрос ReadProcessMemory или WriteProcessMemory был выполнен только частично. (0x12B)
[0324/005323.823:ERROR:process_memory_win.cc(73)] ReadMemory at 0x15ffd2a32f8 of 118 bytes failed: Запрос ReadProcessMemory или WriteProcessMemory был выполнен только частично. (0x12B)
[0324/005323.823:ERROR:process_memory_win.cc(73)] ReadMemory at 0x15ffd2a3370 of 96 bytes failed: Запрос ReadProcessMemory или WriteProcessMemory был выполнен только частично. (0x12B)
[0324/005323.823:ERROR:process_memory_win.cc(73)] ReadMemory at 0x15ffd2a33e0 of 58 bytes failed: Запрос ReadProcessMemory или WriteProcessMemory был выполнен только частично. (0x12B)
[0324/005323.823:ERROR:process_memory_win.cc(73)] ReadMemory at 0x15ffd2a34e0 of 132 bytes failed: Запрос ReadProcessMemory или WriteProcessMemory был выполнен только частично. (0x12B)
[0324/005323.823:ERROR:process_memory_win.cc(73)] ReadMemory at 0x15ffd2a3670 of 132 bytes failed: Запрос ReadProcessMemory или WriteProcessMemory был выполнен только частично. (0x12B)
[0324/005323.823:ERROR:process_memory_win.cc(73)] ReadMemory at 0x15ffd2a3830 of 126 bytes failed: Запрос ReadProcessMemory или WriteProcessMemory был выполнен только частично. (0x12B)
[0324/005323.823:ERROR:process_memory_win.cc(73)] ReadMemory at 0x15ffd2a3c10 of 132 bytes failed: Запрос ReadProcessMemory или WriteProcessMemory был выполнен только частично. (0x12B)
[0324/005323.823:ERROR:process_memory_win.cc(73)] ReadMemory at 0x15ffd2a3da0 of 64 bytes failed: Запрос ReadProcessMemory или WriteProcessMemory был выполнен только частично. (0x12B)
[0324/005323.823:ERROR:process_memory_win.cc(73)] ReadMemory at 0x15ffd2a3df0 of 132 bytes failed: Запрос ReadProcessMemory или WriteProcessMemory был выполнен только частично. (0x12B)
[0324/005323.823:ERROR:process_memory_win.cc(73)] ReadMemory at 0x15ffd2a3f60 of 132 bytes failed: Запрос ReadProcessMemory или WriteProcessMemory был выполнен только частично. (0x12B)
[0324/005323.823:ERROR:process_memory_win.cc(73)] ReadMemory at 0x15ffd2a4200 of 132 bytes failed: Запрос ReadProcessMemory или WriteProcessMemory был выполнен только частично. (0x12B)
[0324/005323.823:ERROR:process_memory_win.cc(73)] ReadMemory at 0x15ffd2a4390 of 68 bytes failed: Запрос ReadProcessMemory или WriteProcessMemory был выполнен только частично. (0x12B)
[0324/005323.824:ERROR:process_memory_win.cc(73)] ReadMemory at 0x15ffd2a5380 of 146 bytes failed: Запрос ReadProcessMemory или WriteProcessMemory был выполнен только частично. (0x12B)
[0324/005323.824:ERROR:process_memory_win.cc(73)] ReadMemory at 0x15ffd2a5460 of 132 bytes failed: Запрос ReadProcessMemory или WriteProcessMemory был выполнен только частично. (0x12B)
[0324/005323.824:ERROR:process_memory_win.cc(73)] ReadMemory at 0x15ffd2a55f0 of 154 bytes failed: Запрос ReadProcessMemory или WriteProcessMemory был выполнен только частично. (0x12B)
[0324/005323.824:ERROR:process_memory_win.cc(73)] ReadMemory at 0x15ffd2a7780 of 62 bytes failed: Запрос ReadProcessMemory или WriteProcessMemory был выполнен только частично. (0x12B)
[0324/005323.824:ERROR:process_memory_win.cc(73)] ReadMemory at 0x15ffd2a7970 of 132 bytes failed: Запрос ReadProcessMemory или WriteProcessMemory был выполнен только частично. (0x12B)
[0324/005323.824:ERROR:process_memory_win.cc(73)] ReadMemory at 0x15ffd2a7aa0 of 60 bytes failed: Запрос ReadProcessMemory или WriteProcessMemory был выполнен только частично. (0x12B)
[0324/005323.824:ERROR:process_memory_win.cc(73)] ReadMemory at 0x15ffd2ab1d0 of 132 bytes failed: Запрос ReadProcessMemory или WriteProcessMemory был выполнен только частично. (0x12B)
[0324/005323.824:ERROR:process_memory_win.cc(73)] ReadMemory at 0x15ffd2ab300 of 132 bytes failed: Запрос ReadProcessMemory или WriteProcessMemory был выполнен только частично. (0x12B)
[0324/005323.824:ERROR:process_memory_win.cc(73)] ReadMemory at 0x15ffd2ab490 of 80 bytes failed: Запрос ReadProcessMemory или WriteProcessMemory был выполнен только частично. (0x12B)
[0324/005323.824:ERROR:process_memory_win.cc(73)] ReadMemory at 0x15ffd2ab6d0 of 62 bytes failed: Запрос ReadProcessMemory или WriteProcessMemory был выполнен только частично. (0x12B)
[0324/005323.824:ERROR:process_memory_win.cc(73)] ReadMemory at 0x15ffd2ab720 of 66 bytes failed: Запрос ReadProcessMemory или WriteProcessMemory был выполнен только частично. (0x12B)
[0324/005323.824:ERROR:process_memory_win.cc(73)] ReadMemory at 0x15ffd2ab770 of 64 bytes failed: Запрос ReadProcessMemory или WriteProcessMemory был выполнен только частично. (0x12B)
[0324/005323.824:ERROR:process_memory_win.cc(73)] ReadMemory at 0x15ffd2ab7c0 of 64 bytes failed: Запрос ReadProcessMemory или WriteProcessMemory был выполнен только частично. (0x12B)
[0324/005323.824:ERROR:process_memory_win.cc(73)] ReadMemory at 0x15ffd2ab810 of 62 bytes failed: Запрос ReadProcessMemory или WriteProcessMemory был выполнен только частично. (0x12B)
[0324/005323.824:ERROR:process_memory_win.cc(73)] ReadMemory at 0x15ffd2ab8b0 of 60 bytes failed: Запрос ReadProcessMemory или WriteProcessMemory был выполнен только частично. (0x12B)
[0324/005323.824:ERROR:process_memory_win.cc(73)] ReadMemory at 0x15ffd2abb30 of 60 bytes failed: Запрос ReadProcessMemory или WriteProcessMemory был выполнен только частично. (0x12B)
[0324/005323.824:ERROR:process_memory_win.cc(73)] ReadMemory at 0x15ffd2abbd0 of 64 bytes failed: Запрос ReadProcessMemory или WriteProcessMemory был выполнен только частично. (0x12B)
[0324/005323.824:ERROR:process_memory_win.cc(73)] ReadMemory at 0x15ffd2abd10 of 64 bytes failed: Запрос ReadProcessMemory или WriteProcessMemory был выполнен только частично. (0x12B)
[0324/005323.825:ERROR:process_memory_win.cc(73)] ReadMemory at 0x15ffd2ac240 of 132 bytes failed: Запрос ReadProcessMemory или WriteProcessMemory был выполнен только частично. (0x12B)
[0324/005323.825:ERROR:process_memory_win.cc(73)] ReadMemory at 0x15ffd2ac370 of 132 bytes failed: Запрос ReadProcessMemory или WriteProcessMemory был выполнен только частично. (0x12B)
[0324/005323.825:ERROR:process_memory_win.cc(73)] ReadMemory at 0x15ffd2ac4a0 of 132 bytes failed: Запрос ReadProcessMemory или WriteProcessMemory был выполнен только частично. (0x12B)
[0324/005323.825:ERROR:process_memory_win.cc(73)] ReadMemory at 0x15ffd2ac5d0 of 132 bytes failed: Запрос ReadProcessMemory или WriteProcessMemory был выполнен только частично. (0x12B)
[0324/005323.825:ERROR:process_memory_win.cc(73)] ReadMemory at 0x15ffd2ac700 of 132 bytes failed: Запрос ReadProcessMemory или WriteProcessMemory был выполнен только частично. (0x12B)
[0324/005323.920:ERROR:process_memory_win.cc(73)] ReadMemory at 0x15ffd2ac830 of 132 bytes failed: Запрос ReadProcessMemory или WriteProcessMemory был выполнен только частично. (0x12B)
[0324/005323.920:ERROR:process_memory_win.cc(73)] ReadMemory at 0x15ffd2ac960 of 132 bytes failed: Запрос ReadProcessMemory или WriteProcessMemory был выполнен только частично. (0x12B)
[0324/005323.920:ERROR:process_memory_win.cc(73)] ReadMemory at 0x15ffd2aca90 of 132 bytes failed: Запрос ReadProcessMemory или WriteProcessMemory был выполнен только частично. (0x12B)
[0324/005323.920:ERROR:process_memory_win.cc(73)] ReadMemory at 0x15ffd2acbc0 of 132 bytes failed: Запрос ReadProcessMemory или WriteProcessMemory был выполнен только частично. (0x12B)
[0324/005323.920:ERROR:process_memory_win.cc(73)] ReadMemory at 0x15ffd2accf0 of 132 bytes failed: Запрос ReadProcessMemory или WriteProcessMemory был выполнен только частично. (0x12B)
[0324/005323.920:ERROR:process_memory_win.cc(73)] ReadMemory at 0x15ffd2acf50 of 132 bytes failed: Запрос ReadProcessMemory или WriteProcessMemory был выполнен только частично. (0x12B)
[0324/005323.920:ERROR:process_memory_win.cc(73)] ReadMemory at 0x15ffd2ad080 of 132 bytes failed: Запрос ReadProcessMemory или WriteProcessMemory был выполнен только частично. (0x12B)
[0324/005323.920:ERROR:process_memory_win.cc(73)] ReadMemory at 0x15ffd2af800 of 54 bytes failed: Запрос ReadProcessMemory или WriteProcessMemory был выполнен только частично. (0x12B)
[0324/005323.920:ERROR:process_memory_win.cc(73)] ReadMemory at 0x15ffd2b02d0 of 132 bytes failed: Запрос ReadProcessMemory или WriteProcessMemory был выполнен только частично. (0x12B)
[0324/005323.920:ERROR:process_memory_win.cc(73)] ReadMemory at 0x15ffd2b0d10 of 132 bytes failed: Запрос ReadProcessMemory или WriteProcessMemory был выполнен только частично. (0x12B)
[0324/005323.921:ERROR:process_memory_win.cc(73)] ReadMemory at 0x15ffd2b1070 of 132 bytes failed: Запрос ReadProcessMemory или WriteProcessMemory был выполнен только частично. (0x12B)
[0324/005323.921:ERROR:process_memory_win.cc(73)] ReadMemory at 0x15ffd2b1280 of 132 bytes failed: Запрос ReadProcessMemory или WriteProcessMemory был выполнен только частично. (0x12B)
[0324/005323.921:ERROR:process_memory_win.cc(73)] ReadMemory at 0x15ffd2b3060 of 132 bytes failed: Запрос ReadProcessMemory или WriteProcessMemory был выполнен только частично. (0x12B)
[0324/005323.921:ERROR:process_memory_win.cc(73)] ReadMemory at 0x15ffd2b33b0 of 132 bytes failed: Запрос ReadProcessMemory или WriteProcessMemory был выполнен только частично. (0x12B)
[0324/005323.921:ERROR:process_memory_win.cc(73)] ReadMemory at 0x15ffd2b35d0 of 132 bytes failed: Запрос ReadProcessMemory или WriteProcessMemory был выполнен только частично. (0x12B)
[0324/005323.921:ERROR:process_memory_win.cc(73)] ReadMemory at 0x15ffd2b5f20 of 80 bytes failed: Запрос ReadProcessMemory или WriteProcessMemory был выполнен только частично. (0x12B)
[0324/005323.921:ERROR:process_memory_win.cc(73)] ReadMemory at 0x15ffd2b6220 of 78 bytes failed: Запрос ReadProcessMemory или WriteProcessMemory был выполнен только частично. (0x12B)
[0324/005323.921:ERROR:process_memory_win.cc(73)] ReadMemory at 0x15ffd2b6280 of 76 bytes failed: Запрос ReadProcessMemory или WriteProcessMemory был выполнен только частично. (0x12B)
[0324/005323.921:ERROR:process_memory_win.cc(73)] ReadMemory at 0x15ffd2b6e10 of 62 bytes failed: Запрос ReadProcessMemory или WriteProcessMemory был выполнен только частично. (0x12B)
[0324/005323.921:ERROR:process_memory_win.cc(73)] ReadMemory at 0x15ffd2b6eb0 of 62 bytes failed: Запрос ReadProcessMemory или WriteProcessMemory был выполнен только частично. (0x12B)
[0324/005323.921:ERROR:process_memory_win.cc(73)] ReadMemory at 0x15ffd2b6f00 of 66 bytes failed: Запрос ReadProcessMemory или WriteProcessMemory был выполнен только частично. (0x12B)
[0324/005323.921:ERROR:process_memory_win.cc(73)] ReadMemory at 0x15ffd2b6f50 of 62 bytes failed: Запрос ReadProcessMemory или WriteProcessMemory был выполнен только частично. (0x12B)
[0324/005323.921:ERROR:process_memory_win.cc(73)] ReadMemory at 0x15ffd2b6fa0 of 64 bytes failed: Запрос ReadProcessMemory или WriteProcessMemory был выполнен только частично. (0x12B)
[0324/005323.921:ERROR:process_memory_win.cc(73)] ReadMemory at 0x15ffd2b6ff0 of 60 bytes failed: Запрос ReadProcessMemory или WriteProcessMemory был выполнен только частично. (0x12B)
[0324/005323.921:ERROR:process_memory_win.cc(73)] ReadMemory at 0x15ffd2b71d0 of 62 bytes failed: Запрос ReadProcessMemory или WriteProcessMemory был выполнен только частично. (0x12B)
[0324/005323.921:ERROR:process_memory_win.cc(73)] ReadMemory at 0x15ffd2b7220 of 62 bytes failed: Запрос ReadProcessMemory или WriteProcessMemory был выполнен только частично. (0x12B)
[0324/005323.921:ERROR:process_memory_win.cc(73)] ReadMemory at 0x15ffd2b7310 of 60 bytes failed: Запрос ReadProcessMemory или WriteProcessMemory был выполнен только частично. (0x12B)
[0324/005323.921:ERROR:process_memory_win.cc(73)] ReadMemory at 0x15ffd2b7400 of 64 bytes failed: Запрос ReadProcessMemory или WriteProcessMemory был выполнен только частично. (0x12B)
[0324/005323.922:ERROR:process_memory_win.cc(73)] ReadMemory at 0x15ffd2b74a0 of 60 bytes failed: Запрос ReadProcessMemory или WriteProcessMemory был выполнен только частично. (0x12B)
[0324/005323.922:ERROR:process_memory_win.cc(73)] ReadMemory at 0x15ffd2b76d0 of 58 bytes failed: Запрос ReadProcessMemory или WriteProcessMemory был выполнен только частично. (0x12B)
[0324/005323.922:ERROR:process_memory_win.cc(73)] ReadMemory at 0x15ffd2b7720 of 60 bytes failed: Запрос ReadProcessMemory или WriteProcessMemory был выполнен только частично. (0x12B)
[0324/005323.922:ERROR:process_memory_win.cc(73)] ReadMemory at 0x15ffd2b7810 of 64 bytes failed: Запрос ReadProcessMemory или WriteProcessMemory был выполнен только частично. (0x12B)
[0324/005323.922:ERROR:process_memory_win.cc(73)] ReadMemory at 0x15ffd2b78b0 of 68 bytes failed: Запрос ReadProcessMemory или WriteProcessMemory был выполнен только частично. (0x12B)
[0324/005323.922:ERROR:process_memory_win.cc(73)] ReadMemory at 0x15ffd2b7950 of 62 bytes failed: Запрос ReadProcessMemory или WriteProcessMemory был выполнен только частично. (0x12B)
[0324/005323.922:ERROR:process_memory_win.cc(73)] ReadMemory at 0x15ffd2b7b30 of 62 bytes failed: Запрос ReadProcessMemory или WriteProcessMemory был выполнен только частично. (0x12B)
[0324/005323.922:ERROR:process_memory_win.cc(73)] ReadMemory at 0x15ffd2b7b80 of 64 bytes failed: Запрос ReadProcessMemory или WriteProcessMemory был выполнен только частично. (0x12B)
[0324/005323.922:ERROR:process_memory_win.cc(73)] ReadMemory at 0x15ffd2b7d10 of 62 bytes failed: Запрос ReadProcessMemory или WriteProcessMemory был выполнен только частично. (0x12B)
[0324/005323.922:ERROR:process_memory_win.cc(73)] ReadMemory at 0x15ffd2b8000 of 132 bytes failed: Запрос ReadProcessMemory или WriteProcessMemory был выполнен только частично. (0x12B)
[0324/005323.922:ERROR:process_memory_win.cc(73)] ReadMemory at 0x15ffd2b8130 of 132 bytes failed: Запрос ReadProcessMemory или WriteProcessMemory был выполнен только частично. (0x12B)
[0324/005323.922:ERROR:process_memory_win.cc(73)] ReadMemory at 0x15ffd2b8260 of 132 bytes failed: Запрос ReadProcessMemory или WriteProcessMemory был выполнен только частично. (0x12B)
[0324/005323.922:ERROR:process_memory_win.cc(73)] ReadMemory at 0x15ffd2b8390 of 132 bytes failed: Запрос ReadProcessMemory или WriteProcessMemory был выполнен только частично. (0x12B)
[0324/005323.922:ERROR:process_memory_win.cc(73)] ReadMemory at 0x15ffd2b84c0 of 132 bytes failed: Запрос ReadProcessMemory или WriteProcessMemory был выполнен только частично. (0x12B)
[0324/005323.922:ERROR:process_memory_win.cc(73)] ReadMemory at 0x15ffd2b85f0 of 132 bytes failed: Запрос ReadProcessMemory или WriteProcessMemory был выполнен только частично. (0x12B)
[0324/005323.922:ERROR:process_memory_win.cc(73)] ReadMemory at 0x15ffd2b8980 of 132 bytes failed: Запрос ReadProcessMemory или WriteProcessMemory был выполнен только частично. (0x12B)
[0324/005323.922:ERROR:process_memory_win.cc(73)] ReadMemory at 0x15ffd2b8ab0 of 132 bytes failed: Запрос ReadProcessMemory или WriteProcessMemory был выполнен только частично. (0x12B)
[0324/005323.922:ERROR:process_memory_win.cc(73)] ReadMemory at 0x15ffd2b8be0 of 132 bytes failed: Запрос ReadProcessMemory или WriteProcessMemory был выполнен только частично. (0x12B)
[0324/005323.922:ERROR:process_memory_win.cc(73)] ReadMemory at 0x15ffd2b8d10 of 132 bytes failed: Запрос ReadProcessMemory или WriteProcessMemory был выполнен только частично. (0x12B)
[0324/005323.922:ERROR:process_memory_win.cc(73)] ReadMemory at 0x15ffd2b8e40 of 132 bytes failed: Запрос ReadProcessMemory или WriteProcessMemory был выполнен только частично. (0x12B)
[0324/005323.923:ERROR:process_memory_win.cc(73)] ReadMemory at 0x15ffd2b8f70 of 132 bytes failed: Запрос ReadProcessMemory или WriteProcessMemory был выполнен только частично. (0x12B)
[0324/005323.923:ERROR:process_memory_win.cc(73)] ReadMemory at 0x15ffd2b90a0 of 132 bytes failed: Запрос ReadProcessMemory или WriteProcessMemory был выполнен только частично. (0x12B)
[0324/005323.923:ERROR:process_memory_win.cc(73)] ReadMemory at 0x15ffd2b91d0 of 132 bytes failed: Запрос ReadProcessMemory или WriteProcessMemory был выполнен только частично. (0x12B)
[0324/005323.923:ERROR:process_memory_win.cc(73)] ReadMemory at 0x15ffd2b9300 of 132 bytes failed: Запрос ReadProcessMemory или WriteProcessMemory был выполнен только частично. (0x12B)
[0324/005323.923:ERROR:process_memory_win.cc(73)] ReadMemory at 0x15ffd2b9430 of 132 bytes failed: Запрос ReadProcessMemory или WriteProcessMemory был выполнен только частично. (0x12B)
[0324/005323.923:ERROR:process_memory_win.cc(73)] ReadMemory at 0x15ffd2b9560 of 132 bytes failed: Запрос ReadProcessMemory или WriteProcessMemory был выполнен только частично. (0x12B)
[0324/005323.923:ERROR:process_memory_win.cc(73)] ReadMemory at 0x15ffd2b97c0 of 132 bytes failed: Запрос ReadProcessMemory или WriteProcessMemory был выполнен только частично. (0x12B)
[0324/005323.923:ERROR:process_memory_win.cc(73)] ReadMemory at 0x15ffd2b98f0 of 132 bytes failed: Запрос ReadProcessMemory или WriteProcessMemory был выполнен только частично. (0x12B)
[0324/005323.923:ERROR:process_memory_win.cc(73)] ReadMemory at 0x15ffd2b9c80 of 132 bytes failed: Запрос ReadProcessMemory или WriteProcessMemory был выполнен только частично. (0x12B)
[0324/005323.923:ERROR:process_memory_win.cc(73)] ReadMemory at 0x15ffd2b9db0 of 132 bytes failed: Запрос ReadProcessMemory или WriteProcessMemory был выполнен только частично. (0x12B)
[0324/005323.923:ERROR:process_memory_win.cc(73)] ReadMemory at 0x15ffd2c58a0 of 64 bytes failed: Запрос ReadProcessMemory или WriteProcessMemory был выполнен только частично. (0x12B)
[0324/005323.923:ERROR:process_memory_win.cc(73)] ReadMemory at 0x15ffd2c5a30 of 58 bytes failed: Запрос ReadProcessMemory или WriteProcessMemory был выполнен только частично. (0x12B)
[0324/005323.923:ERROR:process_memory_win.cc(73)] ReadMemory at 0x15ffd2c5ad0 of 58 bytes failed: Запрос ReadProcessMemory или WriteProcessMemory был выполнен только частично. (0x12B)
[0324/005323.923:ERROR:process_memory_win.cc(73)] ReadMemory at 0x15ffd2c5f30 of 60 bytes failed: Запрос ReadProcessMemory или WriteProcessMemory был выполнен только частично. (0x12B)
[0324/005323.924:ERROR:process_memory_win.cc(73)] ReadMemory at 0x15ffd2c5f80 of 62 bytes failed: Запрос ReadProcessMemory или WriteProcessMemory был выполнен только частично. (0x12B)
[0324/005323.924:ERROR:process_memory_win.cc(73)] ReadMemory at 0x15ffd2c6200 of 66 bytes failed: Запрос ReadProcessMemory или WriteProcessMemory был выполнен только частично. (0x12B)
[0324/005323.924:ERROR:process_memory_win.cc(73)] ReadMemory at 0x15ffd2c6430 of 62 bytes failed: Запрос ReadProcessMemory или WriteProcessMemory был выполнен только частично. (0x12B)
[0324/005323.924:ERROR:process_memory_win.cc(73)] ReadMemory at 0x15ffd2c6570 of 62 bytes failed: Запрос ReadProcessMemory или WriteProcessMemory был выполнен только частично. (0x12B)
[0324/005323.924:ERROR:process_memory_win.cc(73)] ReadMemory at 0x15ffd2c65c0 of 60 bytes failed: Запрос ReadProcessMemory или WriteProcessMemory был выполнен только частично. (0x12B)
[0324/005323.924:ERROR:process_memory_win.cc(73)] ReadMemory at 0x15ffd2d12b0 of 512 bytes failed: Запрос ReadProcessMemory или WriteProcessMemory был выполнен только частично. (0x12B)
[0324/005323.924:ERROR:process_memory_win.cc(73)] ReadMemory at 0x15ffd2d9e00 of 512 bytes failed: Запрос ReadProcessMemory или WriteProcessMemory был выполнен только частично. (0x12B)
[0324/005323.924:ERROR:process_memory_win.cc(73)] ReadMemory at 0x15ffd2daf50 of 512 bytes failed: Запрос ReadProcessMemory или WriteProcessMemory был выполнен только частично. (0x12B)
[0324/005323.924:ERROR:process_memory_win.cc(73)] ReadMemory at 0x7ffea68ab818 of 512 bytes failed: Запрос ReadProcessMemory или WriteProcessMemory был выполнен только частично. (0x12B)
[0324/005323.924:ERROR:process_memory_win.cc(73)] ReadMemory at 0x7ffea68b14ae of 512 bytes failed: Запрос ReadProcessMemory или WriteProcessMemory был выполнен только частично. (0x12B)
[0324/005323.924:ERROR:process_memory_win.cc(73)] ReadMemory at 0x7ffea6c3054c of 512 bytes failed: Запрос ReadProcessMemory или WriteProcessMemory был выполнен только частично. (0x12B)
[0324/005323.924:ERROR:process_memory_win.cc(73)] ReadMemory at 0x7ffea6e89c9e of 512 bytes failed: Запрос ReadProcessMemory или WriteProcessMemory был выполнен только частично. (0x12B)
[0324/005323.924:ERROR:process_memory_win.cc(73)] ReadMemory at 0x7ffeaacbb5f0 of 512 bytes failed: Запрос ReadProcessMemory или WriteProcessMemory был выполнен только частично. (0x12B)
[0324/005323.924:ERROR:process_memory_win.cc(73)] ReadMemory at 0x7fff090990f9 of 512 bytes failed: Запрос ReadProcessMemory или WriteProcessMemory был выполнен только частично. (0x12B)
[0324/005323.924:ERROR:process_memory_win.cc(73)] ReadMemory at 0x7fff0cdef754 of 672 bytes failed: Запрос ReadProcessMemory или WriteProcessMemory был выполнен только частично. (0x12B)
[0324/005323.924:ERROR:process_memory_win.cc(73)] ReadMemory at 0x7fff0cdefd54 of 512 bytes failed: Запрос ReadProcessMemory или WriteProcessMemory был выполнен только частично. (0x12B)
[0324/005323.925:ERROR:process_memory_win.cc(73)] ReadMemory at 0x7fff0cdf2fe4 of 608 bytes failed: Запрос ReadProcessMemory или WriteProcessMemory был выполнен только частично. (0x12B)
[0324/005323.925:ERROR:process_memory_win.cc(73)] ReadMemory at 0x7fff0ce7c0c8 of 18 bytes failed: Запрос ReadProcessMemory или WriteProcessMemory был выполнен только частично. (0x12B)
[0324/005323.925:ERROR:process_memory_win.cc(73)] ReadMemory at 0x7fff0ceaf4f8 of 40 bytes failed: Запрос ReadProcessMemory или WriteProcessMemory был выполнен только частично. (0x12B)
[0324/005323.925:ERROR:process_memory_win.cc(73)] ReadMemory at 0x7fff0ceaf978 of 48 bytes failed: Запрос ReadProcessMemory или WriteProcessMemory был выполнен только частично. (0x12B)
[0324/005323.925:ERROR:process_memory_win.cc(73)] ReadMemory at 0x7fff0ceb53c0 of 64 bytes failed: Запрос ReadProcessMemory или WriteProcessMemory был выполнен только частично. (0x12B)
[0324/005323.926:ERROR:scoped_process_suspend.cc(40)] NtResumeProcess: Попытка доступа к процессу, выполняющему процедуру завершения. (0xc000010a)
